<?xml version="1.0" encoding="UTF-8"?>
<testsuite name="hello.hellospring.service.MemberServiceTest" tests="4" skipped="0" failures="0" errors="0" timestamp="2021-09-02T18:32:26" hostname="DESKTOP-KVCQHCD" time="0.061">
  <properties/>
  <testcase name="findOne()" classname="hello.hellospring.service.MemberServiceTest" time="0.014"/>
  <testcase name="중복_회원_예외()" classname="hello.hellospring.service.MemberServiceTest" time="0.044"/>
  <testcase name="회원가입()" classname="hello.hellospring.service.MemberServiceTest" time="0.0"/>
  <testcase name="findMembers()" classname="hello.hellospring.service.MemberServiceTest" time="0.0"/>
  <system-out><![CDATA[]]></system-out>
  <system-err><![CDATA[]]></system-err>
</testsuite>
